<?xml version="1.0" encoding="UTF-8"?>
<!-- Generated by org.testng.reporters.JUnitXMLReporter -->
<testsuite hostname="Kaushik-2.local" ignored="0" name="Test" tests="2" failures="1" timestamp="01 Jul 2017 13:11:14 GMT" time="25.156" errors="0">
  <testcase name="test1" time="15.419" classname="selenium.testscripts.PageObjectModel">
    <failure type="java.lang.AssertionError" message="expected [false] but found [true]">
      <![CDATA[java.lang.AssertionError: expected [false] but found [true]
	at page.utilities.UtilitiesClass.lowRiskSendKeys(UtilitiesClass.java:49)
	at page.classes.SearchPage.fillOriginTextBox(SearchPage.java:44)
	at selenium.testscripts.PageObjectModel.test1(PageObjectModel.java:34)
... Removed 29 stack frames]]>
    </failure>
  </testcase> <!-- test1 -->
  <testcase name="test2" time="0.971" classname="selenium.testscripts.PageObjectModel"/>
</testsuite> <!-- Test -->
